This is pdfTeX, Version 3.14159265-2.6-1.40.17 (TeX Live 2016) (preloaded format=pdflatex 2016.12.18)  23 MAY 2017 00:00
entering extended mode
 restricted \write18 enabled.
 file:line:error style messages enabled.
 %&-line parsing enabled.
**1552674_liyuan.tex
(./1552674_liyuan.tex
LaTeX2e <2016/03/31>
Babel <3.9r> and hyphenation patterns for 83 language(s) loaded.
(/usr/local/texlive/2016/texmf-dist/tex/latex/base/article.cls
Document Class: article 2014/09/29 v1.4h Standard LaTeX document class
(/usr/local/texlive/2016/texmf-dist/tex/latex/base/size10.clo
File: size10.clo 2014/09/29 v1.4h Standard LaTeX file (size option)
)
\c@part=\count79
\c@section=\count80
\c@subsection=\count81
\c@subsubsection=\count82
\c@paragraph=\count83
\c@subparagraph=\count84
\c@figure=\count85
\c@table=\count86
\abovecaptionskip=\skip41
\belowcaptionskip=\skip42
\bibindent=\dimen102
) (/usr/local/texlive/2016/texmf-dist/tex/latex/cjk/texinput/CJK.sty
Package: CJK 2015/04/18 4.8.4
 (/usr/local/texlive/2016/texmf-dist/tex/latex/cjk/texinput/mule/MULEenc.sty
Package: MULEenc 2015/04/18 4.8.4
) (/usr/local/texlive/2016/texmf-dist/tex/latex/cjk/texinput/CJK.enc
File: CJK.enc 2015/04/18 4.8.4
)
LaTeX Info: Redefining \selectfont on input line 755.
\CJK@indent=\box26
) (/usr/local/texlive/2016/texmf-dist/tex/latex/tools/indentfirst.sty
Package: indentfirst 1995/11/23 v1.03 Indent first paragraph (DPC)
) (/usr/local/texlive/2016/texmf-dist/tex/latex/anysize/anysize.sty
Package: anysize 1994/08/13 setting margin sizes

document style option `anysize' loaded
Michael Salzenberg, Thomas Esser, Dirk Hillbrecht
Version 1.0, Aug 13, 1994
\@Leftmargin=\dimen103
\@Rightmargin=\dimen104
\@Topmargin=\dimen105
\@Bottommargin=\dimen106
) (/usr/local/texlive/2016/texmf-dist/tex/latex/graphics/graphicx.sty
Package: graphicx 2014/10/28 v1.0g Enhanced LaTeX Graphics (DPC,SPQR)
 (/usr/local/texlive/2016/texmf-dist/tex/latex/graphics/keyval.sty
Package: keyval 2014/10/28 v1.15 key=value parser (DPC)
\KV@toks@=\toks14
) (/usr/local/texlive/2016/texmf-dist/tex/latex/graphics/graphics.sty
Package: graphics 2016/05/09 v1.0r Standard LaTeX Graphics (DPC,SPQR)
 (/usr/local/texlive/2016/texmf-dist/tex/latex/graphics/trig.sty
Package: trig 2016/01/03 v1.10 sin cos tan (DPC)
) (/usr/local/texlive/2016/texmf-dist/tex/latex/graphics-cfg/graphics.cfg
File: graphics.cfg 2016/01/02 v1.10 sample graphics configuration
)
Package graphics Info: Driver file: pdftex.def on input line 96.
 (/usr/local/texlive/2016/texmf-dist/tex/latex/pdftex-def/pdftex.def
File: pdftex.def 2011/05/27 v0.06d Graphics/color for pdfTeX
 (/usr/local/texlive/2016/texmf-dist/tex/generic/oberdiek/infwarerr.sty
Package: infwarerr 2016/05/16 v1.4 Providing info/warning/error messages (HO)
) (/usr/local/texlive/2016/texmf-dist/tex/generic/oberdiek/ltxcmds.sty
Package: ltxcmds 2016/05/16 v1.23 LaTeX kernel commands for general use (HO)
)
\Gread@gobject=\count87
))
\Gin@req@height=\dimen107
\Gin@req@width=\dimen108
) (/usr/local/texlive/2016/texmf-dist/tex/latex/subfigure/subfigure.sty
Package: subfigure 2002/03/15 v2.1.5 subfigure package
\subfigtopskip=\skip43
\subfigcapskip=\skip44
\subfigcaptopadj=\dimen109
\subfigbottomskip=\skip45
\subfigcapmargin=\dimen110
\subfiglabelskip=\skip46
\c@subfigure=\count88
\c@lofdepth=\count89
\c@subtable=\count90
\c@lotdepth=\count91

****************************************
* Local config file subfigure.cfg used *
****************************************
(/usr/local/texlive/2016/texmf-dist/tex/latex/subfigure/subfigure.cfg)
\subfig@top=\skip47
\subfig@bottom=\skip48
) (/usr/local/texlive/2016/texmf-dist/tex/latex/tools/array.sty
Package: array 2014/10/28 v2.4c Tabular extension package (FMi)
\col@sep=\dimen111
\extrarowheight=\dimen112
\NC@list=\toks15
\extratabsurround=\skip49
\backup@length=\skip50
) (/usr/local/texlive/2016/texmf-dist/tex/latex/makecell/makecell.sty
Package: makecell 2009/08/03 V0.1e Managing of Tab Column Heads and Cells
\rotheadsize=\dimen113
\c@nlinenum=\count92
\TeXr@lab=\toks16
) (/usr/local/texlive/2016/texmf-dist/tex/latex/url/url.sty
\Urlmuskip=\muskip10
Package: url 2013/09/16  ver 3.4  Verb mode for urls, etc.
) (/usr/local/texlive/2016/texmf-dist/tex/latex/float/float.sty
Package: float 2001/11/08 v1.3d Float enhancements (AL)
\c@float@type=\count93
\float@exts=\toks17
\float@box=\box27
\@float@everytoks=\toks18
\@floatcapt=\box28
) (/usr/local/texlive/2016/texmf-dist/tex/latex/listings/listings.sty
\lst@mode=\count94
\lst@gtempboxa=\box29
\lst@token=\toks19
\lst@length=\count95
\lst@currlwidth=\dimen114
\lst@column=\count96
\lst@pos=\count97
\lst@lostspace=\dimen115
\lst@width=\dimen116
\lst@newlines=\count98
\lst@lineno=\count99
\lst@maxwidth=\dimen117
 (/usr/local/texlive/2016/texmf-dist/tex/latex/listings/lstmisc.sty
File: lstmisc.sty 2015/06/04 1.6 (Carsten Heinz)
\c@lstnumber=\count100
\lst@skipnumbers=\count101
\lst@framebox=\box30
) (/usr/local/texlive/2016/texmf-dist/tex/latex/listings/listings.cfg
File: listings.cfg 2015/06/04 1.6 listings configuration
))
Package: listings 2015/06/04 1.6 (Carsten Heinz)
 (/usr/local/texlive/2016/texmf-dist/tex/latex/graphics/color.sty
Package: color 2016/05/09 v1.1c Standard LaTeX Color (DPC)
 (/usr/local/texlive/2016/texmf-dist/tex/latex/graphics-cfg/color.cfg
File: color.cfg 2016/01/02 v1.6 sample color configuration
)
Package color Info: Driver file: pdftex.def on input line 144.
) (/usr/local/texlive/2016/texmf-dist/tex/latex/listings/lstlang1.sty
File: lstlang1.sty 2015/06/04 1.6 listings language file
) (/usr/local/texlive/2016/texmf-dist/tex/latex/listings/lstlang1.sty
File: lstlang1.sty 2015/06/04 1.6 listings language file
) (/usr/local/texlive/2016/texmf-dist/tex/latex/listings/lstmisc.sty
File: lstmisc.sty 2015/06/04 1.6 (Carsten Heinz)
) (/Users/liyuan/Documents/Operating System/assignment2/.texpadtmp/1552674_liyuan.aux)
\openout1 = `1552674_liyuan.aux'.

LaTeX Font Info:    Checking defaults for OML/cmm/m/it on input line 78.
LaTeX Font Info:    ... okay on input line 78.
LaTeX Font Info:    Checking defaults for T1/cmr/m/n on input line 78.
LaTeX Font Info:    ... okay on input line 78.
LaTeX Font Info:    Checking defaults for OT1/cmr/m/n on input line 78.
LaTeX Font Info:    ... okay on input line 78.
LaTeX Font Info:    Checking defaults for OMS/cmsy/m/n on input line 78.
LaTeX Font Info:    ... okay on input line 78.
LaTeX Font Info:    Checking defaults for OMX/cmex/m/n on input line 78.
LaTeX Font Info:    ... okay on input line 78.
LaTeX Font Info:    Checking defaults for U/cmr/m/n on input line 78.
LaTeX Font Info:    ... okay on input line 78.
LaTeX Font Info:    Checking defaults for C00/song/m/n on input line 78.
LaTeX Font Info:    ... okay on input line 78.
LaTeX Font Info:    Checking defaults for C05/song/m/n on input line 78.
LaTeX Font Info:    ... okay on input line 78.
LaTeX Font Info:    Checking defaults for C09/song/m/n on input line 78.
LaTeX Font Info:    ... okay on input line 78.
LaTeX Font Info:    Checking defaults for C10/song/m/n on input line 78.
LaTeX Font Info:    ... okay on input line 78.
LaTeX Font Info:    Checking defaults for C20/song/m/n on input line 78.
LaTeX Font Info:    ... okay on input line 78.
LaTeX Font Info:    Checking defaults for C19/song/m/n on input line 78.
LaTeX Font Info:    ... okay on input line 78.
LaTeX Font Info:    Checking defaults for C40/song/m/n on input line 78.
LaTeX Font Info:    ... okay on input line 78.
LaTeX Font Info:    Checking defaults for C42/song/m/n on input line 78.
LaTeX Font Info:    ... okay on input line 78.
LaTeX Font Info:    Checking defaults for C43/song/m/n on input line 78.
LaTeX Font Info:    ... okay on input line 78.
LaTeX Font Info:    Checking defaults for C50/song/m/n on input line 78.
LaTeX Font Info:    ... okay on input line 78.
LaTeX Font Info:    Checking defaults for C52/song/m/n on input line 78.
LaTeX Font Info:    ... okay on input line 78.
LaTeX Font Info:    Checking defaults for C49/song/m/n on input line 78.
LaTeX Font Info:    ... okay on input line 78.
LaTeX Font Info:    Checking defaults for C60/mj/m/n on input line 78.
LaTeX Font Info:    ... okay on input line 78.
LaTeX Font Info:    Checking defaults for C61/mj/m/n on input line 78.
LaTeX Font Info:    ... okay on input line 78.
LaTeX Font Info:    Checking defaults for C63/mj/m/n on input line 78.
LaTeX Font Info:    ... okay on input line 78.
LaTeX Font Info:    Checking defaults for C64/mj/m/n on input line 78.
LaTeX Font Info:    ... okay on input line 78.
LaTeX Font Info:    Checking defaults for C65/mj/m/n on input line 78.
LaTeX Font Info:    ... okay on input line 78.
LaTeX Font Info:    Checking defaults for C70/song/m/n on input line 78.
LaTeX Font Info:    ... okay on input line 78.
LaTeX Font Info:    Checking defaults for C31/song/m/n on input line 78.
LaTeX Font Info:    ... okay on input line 78.
LaTeX Font Info:    Checking defaults for C32/song/m/n on input line 78.
LaTeX Font Info:    ... okay on input line 78.
LaTeX Font Info:    Checking defaults for C33/song/m/n on input line 78.
LaTeX Font Info:    ... okay on input line 78.
LaTeX Font Info:    Checking defaults for C34/song/m/n on input line 78.
LaTeX Font Info:    ... okay on input line 78.
LaTeX Font Info:    Checking defaults for C35/song/m/n on input line 78.
LaTeX Font Info:    ... okay on input line 78.
LaTeX Font Info:    Checking defaults for C36/song/m/n on input line 78.
LaTeX Font Info:    ... okay on input line 78.
LaTeX Font Info:    Checking defaults for C37/song/m/n on input line 78.
LaTeX Font Info:    ... okay on input line 78.
LaTeX Font Info:    Checking defaults for C80/song/m/n on input line 78.
LaTeX Font Info:    ... okay on input line 78.
LaTeX Font Info:    Checking defaults for C81/song/m/n on input line 78.
LaTeX Font Info:    ... okay on input line 78.
LaTeX Font Info:    Checking defaults for C01/song/m/n on input line 78.
LaTeX Font Info:    ... okay on input line 78.
LaTeX Font Info:    Checking defaults for C11/song/m/n on input line 78.
LaTeX Font Info:    ... okay on input line 78.
LaTeX Font Info:    Checking defaults for C21/song/m/n on input line 78.
LaTeX Font Info:    ... okay on input line 78.
LaTeX Font Info:    Checking defaults for C41/song/m/n on input line 78.
LaTeX Font Info:    ... okay on input line 78.
LaTeX Font Info:    Checking defaults for C62/song/m/n on input line 78.
LaTeX Font Info:    ... okay on input line 78.
 (/usr/local/texlive/2016/texmf-dist/tex/context/base/mkii/supp-pdf.mkii
[Loading MPS to PDF converter (version 2006.09.02).]
\scratchcounter=\count102
\scratchdimen=\dimen118
\scratchbox=\box31
\nofMPsegments=\count103
\nofMParguments=\count104
\everyMPshowfont=\toks20
\MPscratchCnt=\count105
\MPscratchDim=\dimen119
\MPnumerator=\count106
\makeMPintoPDFobject=\count107
\everyMPtoPDFconversion=\toks21
) (/usr/local/texlive/2016/texmf-dist/tex/generic/oberdiek/pdftexcmds.sty
Package: pdftexcmds 2016/05/10 v0.21 Utility functions of pdfTeX for LuaTeX (HO)
 (/usr/local/texlive/2016/texmf-dist/tex/generic/oberdiek/ifluatex.sty
Package: ifluatex 2016/05/16 v1.4 Provides the ifluatex switch (HO)
Package ifluatex Info: LuaTeX not detected.
) (/usr/local/texlive/2016/texmf-dist/tex/generic/oberdiek/ifpdf.sty
Package: ifpdf 2016/05/14 v3.1 Provides the ifpdf switch
)
Package pdftexcmds Info: LuaTeX not detected.
Package pdftexcmds Info: \pdf@primitive is available.
Package pdftexcmds Info: \pdf@ifprimitive is available.
Package pdftexcmds Info: \pdfdraftmode found.
) (/usr/local/texlive/2016/texmf-dist/tex/latex/oberdiek/epstopdf-base.sty
Package: epstopdf-base 2016/05/15 v2.6 Base part for package epstopdf
 (/usr/local/texlive/2016/texmf-dist/tex/latex/oberdiek/grfext.sty
Package: grfext 2016/05/16 v1.2 Manage graphics extensions (HO)
 (/usr/local/texlive/2016/texmf-dist/tex/generic/oberdiek/kvdefinekeys.sty
Package: kvdefinekeys 2016/05/16 v1.4 Define keys (HO)
)) (/usr/local/texlive/2016/texmf-dist/tex/latex/oberdiek/kvoptions.sty
Package: kvoptions 2016/05/16 v3.12 Key value format for package options (HO)
 (/usr/local/texlive/2016/texmf-dist/tex/generic/oberdiek/kvsetkeys.sty
Package: kvsetkeys 2016/05/16 v1.17 Key value parser (HO)
 (/usr/local/texlive/2016/texmf-dist/tex/generic/oberdiek/etexcmds.sty
Package: etexcmds 2016/05/16 v1.6 Avoid name clashes with e-TeX commands (HO)
Package etexcmds Info: Could not find \expanded.
(etexcmds)             That can mean that you are not using pdfTeX 1.50 or
(etexcmds)             that some package has redefined \expanded.
(etexcmds)             In the latter case, load this package earlier.
)))
Package grfext Info: Graphics extension search list:
(grfext)             [.png,.pdf,.jpg,.mps,.jpeg,.jbig2,.jb2,.PNG,.PDF,.JPG,.JPEG,.JBIG2,.JB2,.eps]
(grfext)             \AppendGraphicsExtensions on input line 456.
 (/usr/local/texlive/2016/texmf-dist/tex/latex/latexconfig/epstopdf-sys.cfg
File: epstopdf-sys.cfg 2010/07/13 v1.3 Configuration of (r)epstopdf for TeX Live
))
\c@lstlisting=\count108
 (/usr/local/texlive/2016/texmf-dist/tex/latex/cjk/texinput/UTF8/UTF8.bdg
File: UTF8.bdg 2015/04/18 4.8.4
) (/usr/local/texlive/2016/texmf-dist/tex/latex/cjk/texinput/UTF8/UTF8.enc
File: UTF8.enc 2015/04/18 4.8.4
) (/usr/local/texlive/2016/texmf-dist/tex/latex/cjk/texinput/UTF8/UTF8.chr
File: UTF8.chr 2015/04/18 4.8.4
)
LaTeX Font Info:    Try loading font information for C70+gbsn on input line 111.
 (/usr/local/texlive/2016/texmf-dist/tex/latex/cjk/texinput/UTF8/c70gbsn.fd
File: c70gbsn.fd 2015/04/18 4.8.4
) (/usr/local/texlive/2016/texmf-dist/tex/latex/cjk/texinput/UTF8/c70gbsn.fdx
File: c70gbsn.fdx 2015/04/18 4.8.4
)

LaTeX Font Warning: Font shape `C70/gbsn/m/sc' undefined
(Font)              using `C70/gbsn/m/n' instead on input line 111.

[1

{/usr/local/texlive/2016/texmf-var/fonts/map/pdftex/updmap/pdftex.map}] (/Users/liyuan/Documents/Operating System/assignment2/.texpadtmp/1552674_liyuan.toc
LaTeX Font Info:    External font `cmex10' loaded for size
(Font)              <7> on input line 2.
LaTeX Font Info:    External font `cmex10' loaded for size
(Font)              <5> on input line 2.
)
\tf@toc=\write3
\openout3 = `1552674_liyuan.toc'.

 [2

] [3

] <1.jpg, id=74, 889.3225pt x 195.73125pt>
File: 1.jpg Graphic file (type jpg)
 <use 1.jpg>
Package pdftex.def Info: 1.jpg used on input line 180.
(pdftex.def)             Requested size: 438.17488pt x 96.43777pt.

Overfull \hbox (39.83629pt too wide) in paragraph at lines 180--181
 [][] 
 []

<2.jpg, id=75, 873.2625pt x 219.82124pt>
File: 2.jpg Graphic file (type jpg)
 <use 2.jpg>
Package pdftex.def Info: 2.jpg used on input line 199.
(pdftex.def)             Requested size: 438.17488pt x 110.29942pt.

Overfull \hbox (39.83629pt too wide) in paragraph at lines 199--200
 [][] 
 []

[4

 <./1.jpg>]
LaTeX Font Info:    Try loading font information for OMS+cmr on input line 225.
 (/usr/local/texlive/2016/texmf-dist/tex/latex/base/omscmr.fd
File: omscmr.fd 2014/09/29 v2.5h Standard LaTeX font definitions
)
LaTeX Font Info:    Font shape `OMS/cmr/m/n' in size <8> not available
(Font)              Font shape `OMS/cmsy/m/n' tried instead on input line 225.
LaTeX Font Info:    External font `cmex10' loaded for size
(Font)              <8> on input line 227.
LaTeX Font Info:    External font `cmex10' loaded for size
(Font)              <6> on input line 227.
LaTeX Font Info:    Try loading font information for OML+cmr on input line 227.
 (/usr/local/texlive/2016/texmf-dist/tex/latex/base/omlcmr.fd
File: omlcmr.fd 2014/09/29 v2.5h Standard LaTeX font definitions
)
LaTeX Font Info:    Font shape `OML/cmr/m/n' in size <8> not available
(Font)              Font shape `OML/cmm/m/it' tried instead on input line 227.
 [5 <./2.jpg>] <3.png, id=94, 634.37pt x 418.56375pt>
File: 3.png Graphic file (type png)
 <use 3.png>
Package pdftex.def Info: 3.png used on input line 238.
(pdftex.def)             Requested size: 318.67209pt x 210.26491pt.
 <4.png, id=96, 619.31375pt x 359.3425pt>
File: 4.png Graphic file (type png)
 <use 4.png>
Package pdftex.def Info: 4.png used on input line 246.
(pdftex.def)             Requested size: 318.67209pt x 184.90718pt.
 [6

 <./3.png> <./4.png>] <5.png, id=104, 619.31375pt x 359.3425pt>
File: 5.png Graphic file (type png)
 <use 5.png>
Package pdftex.def Info: 5.png used on input line 255.
(pdftex.def)             Requested size: 219.08743pt x 127.12059pt.
 <6.png, id=105, 617.30624pt x 357.335pt>
File: 6.png Graphic file (type png)
 <use 6.png>
Package pdftex.def Info: 6.png used on input line 262.
(pdftex.def)             Requested size: 219.08743pt x 126.81937pt.
 <7.png, id=106, 617.30624pt x 357.335pt>
File: 7.png Graphic file (type png)
 <use 7.png>
Package pdftex.def Info: 7.png used on input line 270.
(pdftex.def)             Requested size: 219.08743pt x 126.81937pt.
 [7

 <./5.png> <./6.png> <./7.png>] <8.PNG, id=115, 364.36125pt x 147.55125pt>
File: 8.PNG Graphic file (type png)
 <use 8.PNG>
Package pdftex.def Info: 8.PNG used on input line 280.
(pdftex.def)             Requested size: 179.25114pt x 72.58891pt.
 <9.PNG, id=116, 368.37625pt x 146.5475pt>
File: 9.PNG Graphic file (type png)
 <use 9.PNG>
Package pdftex.def Info: 9.PNG used on input line 284.
(pdftex.def)             Requested size: 179.25114pt x 71.308pt.

Overfull \hbox (7.40977pt too wide) in paragraph at lines 280--285
[][]   [] 
 []

LaTeX Font Info:    Font shape `OMS/cmr/m/n' in size <10> not available
(Font)              Font shape `OMS/cmsy/m/n' tried instead on input line 293.
[8

 <./8.PNG> <./9.PNG>] (/Users/liyuan/Documents/Operating System/assignment2/.texpadtmp/1552674_liyuan.aux)

LaTeX Font Warning: Some font shapes were not available, defaults substituted.

 ) 
Here is how much of TeX's memory you used:
 5319 strings out of 493014
 73928 string characters out of 6133350
 173641 words of memory out of 5000000
 8704 multiletter control sequences out of 15000+600000
 43598 words of font info for 156 fonts, out of 8000000 for 9000
 1141 hyphenation exceptions out of 8191
 38i,8n,58p,406b,1519s stack positions out of 5000i,500n,10000p,200000b,80000s
</usr/local/texlive/2016/texmf-dist/fonts/type1/public/amsfonts/cm/cmbx10.pfb></usr/local/texlive/2016/texmf-dist/fonts/type1/public/amsfonts/cm/cmbx12.pfb></usr/local/texlive/2016/texmf-dist/fonts/type1/public/amsfonts/cm/cmcsc10.pfb></usr/local/texlive/2016/texmf-dist/fonts/type1/public/amsfonts/cm/cmmi10.pfb></usr/local/texlive/2016/texmf-dist/fonts/type1/public/amsfonts/cm/cmmi8.pfb></usr/local/texlive/2016/texmf-dist/fonts/type1/public/amsfonts/cm/cmr10.pfb></usr/local/texlive/2016/texmf-dist/fonts/type1/public/amsfonts/cm/cmr5.pfb></usr/local/texlive/2016/texmf-dist/fonts/type1/public/amsfonts/cm/cmr7.pfb></usr/local/texlive/2016/texmf-dist/fonts/type1/public/amsfonts/cm/cmr8.pfb></usr/local/texlive/2016/texmf-dist/fonts/type1/public/amsfonts/cm/cmsy10.pfb></usr/local/texlive/2016/texmf-dist/fonts/type1/public/amsfonts/cm/cmsy8.pfb></usr/local/texlive/2016/texmf-dist/fonts/type1/public/amsfonts/cm/cmti10.pfb></usr/local/texlive/2016/texmf-dist/fonts/type1/arphic/gbsnu/gbsnu30.pfb></usr/local/texlive/2016/texmf-dist/fonts/type1/arphic/gbsnu/gbsnu4e.pfb></usr/local/texlive/2016/texmf-dist/fonts/type1/arphic/gbsnu/gbsnu4f.pfb></usr/local/texlive/2016/texmf-dist/fonts/type1/arphic/gbsnu/gbsnu50.pfb></usr/local/texlive/2016/texmf-dist/fonts/type1/arphic/gbsnu/gbsnu51.pfb></usr/local/texlive/2016/texmf-dist/fonts/type1/arphic/gbsnu/gbsnu52.pfb></usr/local/texlive/2016/texmf-dist/fonts/type1/arphic/gbsnu/gbsnu53.pfb></usr/local/texlive/2016/texmf-dist/fonts/type1/arphic/gbsnu/gbsnu54.pfb></usr/local/texlive/2016/texmf-dist/fonts/type1/arphic/gbsnu/gbsnu56.pfb></usr/local/texlive/2016/texmf-dist/fonts/type1/arphic/gbsnu/gbsnu57.pfb></usr/local/texlive/2016/texmf-dist/fonts/type1/arphic/gbsnu/gbsnu58.pfb></usr/local/texlive/2016/texmf-dist/fonts/type1/arphic/gbsnu/gbsnu59.pfb></usr/local/texlive/2016/texmf-dist/fonts/type1/arphic/gbsnu/gbsnu5b.pfb></usr/local/texlive/2016/texmf-dist/fonts/type1/arphic/gbsnu/gbsnu5c.pfb></usr/local/texlive/2016/texmf-dist/fonts/type1/arphic/gbsnu/gbsnu5d.pfb></usr/local/texlive/201
6/texmf-dist/fonts/type1/arphic/gbsnu/gbsnu5e.pfb></usr/local/texlive/2016/texmf-dist/fonts/type1/arphic/gbsnu/gbsnu5f.pfb></usr/local/texlive/2016/texmf-dist/fonts/type1/arphic/gbsnu/gbsnu60.pfb></usr/local/texlive/2016/texmf-dist/fonts/type1/arphic/gbsnu/gbsnu61.pfb></usr/local/texlive/2016/texmf-dist/fonts/type1/arphic/gbsnu/gbsnu62.pfb></usr/local/texlive/2016/texmf-dist/fonts/type1/arphic/gbsnu/gbsnu63.pfb></usr/local/texlive/2016/texmf-dist/fonts/type1/arphic/gbsnu/gbsnu64.pfb></usr/local/texlive/2016/texmf-dist/fonts/type1/arphic/gbsnu/gbsnu65.pfb></usr/local/texlive/2016/texmf-dist/fonts/type1/arphic/gbsnu/gbsnu66.pfb></usr/local/texlive/2016/texmf-dist/fonts/type1/arphic/gbsnu/gbsnu67.pfb></usr/local/texlive/2016/texmf-dist/fonts/type1/arphic/gbsnu/gbsnu68.pfb></usr/local/texlive/2016/texmf-dist/fonts/type1/arphic/gbsnu/gbsnu6a.pfb></usr/local/texlive/2016/texmf-dist/fonts/type1/arphic/gbsnu/gbsnu6b.pfb></usr/local/texlive/2016/texmf-dist/fonts/type1/arphic/gbsnu/gbsnu6c.pfb></usr/local/texlive/2016/texmf-dist/fonts/type1/arphic/gbsnu/gbsnu6d.pfb></usr/local/texlive/2016/texmf-dist/fonts/type1/arphic/gbsnu/gbsnu6e.pfb></usr/local/texlive/2016/texmf-dist/fonts/type1/arphic/gbsnu/gbsnu70.pfb></usr/local/texlive/2016/texmf-dist/fonts/type1/arphic/gbsnu/gbsnu71.pfb></usr/local/texlive/2016/texmf-dist/fonts/type1/arphic/gbsnu/gbsnu72.pfb></usr/local/texlive/2016/texmf-dist/fonts/type1/arphic/gbsnu/gbsnu73.pfb></usr/local/texlive/2016/texmf-dist/fonts/type1/arphic/gbsnu/gbsnu74.pfb></usr/local/texlive/2016/texmf-dist/fonts/type1/arphic/gbsnu/gbsnu75.pfb></usr/local/texlive/2016/texmf-dist/fonts/type1/arphic/gbsnu/gbsnu76.pfb></usr/local/texlive/2016/texmf-dist/fonts/type1/arphic/gbsnu/gbsnu77.pfb></usr/local/texlive/2016/texmf-dist/fonts/type1/arphic/gbsnu/gbsnu78.pfb></usr/local/texlive/2016/texmf-dist/fonts/type1/arphic/gbsnu/gbsnu79.pfb></usr/local/texlive/2016/texmf-dist/fonts/type1/arphic/gbsnu/gbsnu7a.pfb></usr/local/texlive/2016/texmf-dist/fonts/type1/arphic/gbsnu/gbsnu7b.pfb></usr/local/texlive/2016/te
xmf-dist/fonts/type1/arphic/gbsnu/gbsnu7c.pfb></usr/local/texlive/2016/texmf-dist/fonts/type1/arphic/gbsnu/gbsnu7e.pfb></usr/local/texlive/2016/texmf-dist/fonts/type1/arphic/gbsnu/gbsnu7f.pfb></usr/local/texlive/2016/texmf-dist/fonts/type1/arphic/gbsnu/gbsnu80.pfb></usr/local/texlive/2016/texmf-dist/fonts/type1/arphic/gbsnu/gbsnu81.pfb></usr/local/texlive/2016/texmf-dist/fonts/type1/arphic/gbsnu/gbsnu86.pfb></usr/local/texlive/2016/texmf-dist/fonts/type1/arphic/gbsnu/gbsnu88.pfb></usr/local/texlive/2016/texmf-dist/fonts/type1/arphic/gbsnu/gbsnu89.pfb></usr/local/texlive/2016/texmf-dist/fonts/type1/arphic/gbsnu/gbsnu8a.pfb></usr/local/texlive/2016/texmf-dist/fonts/type1/arphic/gbsnu/gbsnu8b.pfb></usr/local/texlive/2016/texmf-dist/fonts/type1/arphic/gbsnu/gbsnu8c.pfb></usr/local/texlive/2016/texmf-dist/fonts/type1/arphic/gbsnu/gbsnu8d.pfb></usr/local/texlive/2016/texmf-dist/fonts/type1/arphic/gbsnu/gbsnu8f.pfb></usr/local/texlive/2016/texmf-dist/fonts/type1/arphic/gbsnu/gbsnu90.pfb></usr/local/texlive/2016/texmf-dist/fonts/type1/arphic/gbsnu/gbsnu91.pfb></usr/local/texlive/2016/texmf-dist/fonts/type1/arphic/gbsnu/gbsnu94.pfb></usr/local/texlive/2016/texmf-dist/fonts/type1/arphic/gbsnu/gbsnu95.pfb></usr/local/texlive/2016/texmf-dist/fonts/type1/arphic/gbsnu/gbsnu96.pfb></usr/local/texlive/2016/texmf-dist/fonts/type1/arphic/gbsnu/gbsnu97.pfb></usr/local/texlive/2016/texmf-dist/fonts/type1/arphic/gbsnu/gbsnu98.pfb></usr/local/texlive/2016/texmf-dist/fonts/type1/arphic/gbsnu/gbsnu99.pfb></usr/local/texlive/2016/texmf-dist/fonts/type1/arphic/gbsnu/gbsnu9a.pfb></usr/local/texlive/2016/texmf-dist/fonts/type1/arphic/gbsnu/gbsnuff.pfb>
Output written on "/Users/liyuan/Documents/Operating System/assignment2/.texpadtmp/1552674_liyuan.pdf" (8 pages, 657855 bytes).
PDF statistics:
 362 PDF objects out of 1000 (max. 8388607)
 255 compressed objects within 3 object streams
 0 named destinations out of 1000 (max. 500000)
 46 words of extra memory for PDF output out of 10000 (max. 10000000)

